Validating found git in: git
Using git 2.25.1 from git
> git rev-parse --git-dir
Open repository: /home/ubuntu/Nick-app
> git status -z -u
> git check-ignore -v -z --stdin
> git check-ignore -v -z --stdin
> git check-ignore -v -z --stdin
> git symbolic-ref --short HEAD
> git for-each-ref --format=%(refname)%00%(upstream:short)%00%(objectname)%00%(upstream:track) refs/heads/v-0.1.1 refs/remotes/v-0.1.1
> git for-each-ref --sort -committerdate --format %(refname) %(objectname) %(*objectname)
> git remote --verbose
> git config --get commit.template
> git show --textconv :react-app/src/Auth.ts
> git ls-files --stage -- /home/ubuntu/Nick-app/react-app/src/Auth.ts
> git cat-file -s e93cedbd2a0e958cff169d6a95678e436bd6f628
> git ls-files --stage -- /home/ubuntu/Nick-app/react-app/src/Auth.ts
> git cat-file -s e93cedbd2a0e958cff169d6a95678e436bd6f628
> git show --textconv :react-app/src/Auth.ts
> git check-ignore -v -z --stdin
> git show --textconv :react-app/.env.local
> git ls-files --stage -- /home/ubuntu/Nick-app/react-app/.env.local
> git check-ignore -v -z --stdin
> git ls-files --stage -- /home/ubuntu/Nick-app/react-app/.env.local
> git show --textconv :react-app/.env.local
> git show --textconv :react-app/src/Auth.ts
> git ls-files --stage -- /home/ubuntu/Nick-app/react-app/src/Auth.ts
> git cat-file -s e93cedbd2a0e958cff169d6a95678e436bd6f628
> git show --textconv :react-app/.env.local
> git ls-files --stage -- /home/ubuntu/Nick-app/react-app/.env.local
> git show --textconv :react-app/src/Auth.ts
> git ls-files --stage -- /home/ubuntu/Nick-app/react-app/src/Auth.ts
> git cat-file -s e93cedbd2a0e958cff169d6a95678e436bd6f628
> git show --textconv :react-app/.env.local
> git ls-files --stage -- /home/ubuntu/Nick-app/react-app/.env.local
> git show --textconv :react-app/src/Auth.ts
> git ls-files --stage -- /home/ubuntu/Nick-app/react-app/src/Auth.ts
> git cat-file -s e93cedbd2a0e958cff169d6a95678e436bd6f628
