0 info it worked if it ends with ok
1 verbose cli [ '/usr/bin/node', '/usr/bin/npm', 'run', 'build' ]
2 info using npm@6.14.4
3 info using node@v10.19.0
4 verbose run-script [ 'prebuild', 'build', 'postbuild' ]
5 info lifecycle react-app@0.1.0~prebuild: react-app@0.1.0
6 info lifecycle react-app@0.1.0~build: react-app@0.1.0
7 verbose lifecycle react-app@0.1.0~build: unsafe-perm in lifecycle true
8 verbose lifecycle react-app@0.1.0~build: PATH: /usr/share/npm/node_modules/npm-lifecycle/node-gyp-bin:/home/ubuntu/Nick-app/react-app/node_modules/.bin:/home/ubuntu/.vscode-server/bin/c3f126316369cd610563c75b1b1725e0679adfb3/bin:/home/ubuntu/.local/bin:/home/ubuntu/.vscode-server/bin/c3f126316369cd610563c75b1b1725e0679adfb3/bin:/usr/local/sbin:/usr/local/bin:/usr/sbin:/usr/bin:/sbin:/bin:/usr/games:/usr/local/games:/snap/bin
9 verbose lifecycle react-app@0.1.0~build: CWD: /home/ubuntu/Nick-app/react-app
10 silly lifecycle react-app@0.1.0~build: Args: [ '-c', 'react-scripts build' ]
11 silly lifecycle react-app@0.1.0~build: Returned: code: 1  signal: null
12 info lifecycle react-app@0.1.0~build: Failed to exec build script
13 verbose stack Error: react-app@0.1.0 build: `react-scripts build`
13 verbose stack Exit status 1
13 verbose stack     at EventEmitter.<anonymous> (/usr/share/npm/node_modules/npm-lifecycle/index.js:332:16)
13 verbose stack     at EventEmitter.emit (events.js:198:13)
13 verbose stack     at ChildProcess.<anonymous> (/usr/share/npm/node_modules/npm-lifecycle/lib/spawn.js:55:14)
13 verbose stack     at ChildProcess.emit (events.js:198:13)
13 verbose stack     at maybeClose (internal/child_process.js:982:16)
13 verbose stack     at Process.ChildProcess._handle.onexit (internal/child_process.js:259:5)
14 verbose pkgid react-app@0.1.0
15 verbose cwd /home/ubuntu/Nick-app/react-app
16 verbose Linux 5.4.0-1045-aws
17 verbose argv "/usr/bin/node" "/usr/bin/npm" "run" "build"
18 verbose node v10.19.0
19 verbose npm  v6.14.4
20 error code ELIFECYCLE
21 error errno 1
22 error react-app@0.1.0 build: `react-scripts build`
22 error Exit status 1
23 error Failed at the react-app@0.1.0 build script.
23 error This is probably not a problem with npm. There is likely additional logging output above.
24 verbose exit [ 1, true ]
