[2021-08-07 17:19:28.269] [exthost] [info] extension host started
[2021-08-07 17:19:28.276] [exthost] [error] Error: EEXIST: file already exists, open '/home/ubuntu/.vscode-server/data/User/workspaceStorage/476df8530d42b96dcf31d5efc130b0a5/vscode.lock'
[2021-08-07 17:19:28.299] [exthost] [info] Lock '/home/ubuntu/.vscode-server/data/User/workspaceStorage/476df8530d42b96dcf31d5efc130b0a5/vscode.lock': Could not acquire lock, checking if the file is stale.
[2021-08-07 17:19:28.307] [exthost] [info] Lock '/home/ubuntu/.vscode-server/data/User/workspaceStorage/476df8530d42b96dcf31d5efc130b0a5/vscode.lock': The lock does not look stale, elapsed: 160 ms, giving up.
[2021-08-07 17:19:28.309] [exthost] [info] Lock '/home/ubuntu/.vscode-server/data/User/workspaceStorage/476df8530d42b96dcf31d5efc130b0a5-1/vscode.lock': Lock acquired.
[2021-08-07 17:19:28.640] [exthost] [info] ExtensionService#_doActivateExtension vscode.debug-auto-launch {"startup":true,"extensionId":{"value":"vscode.debug-auto-launch","_lower":"vscode.debug-auto-launch"},"activationEvent":"*"}
[2021-08-07 17:19:28.648] [exthost] [info] ExtensionService#loadCommonJSModule file:///home/ubuntu/.vscode-server/bin/c3f126316369cd610563c75b1b1725e0679adfb3/extensions/debug-auto-launch/dist/extension
[2021-08-07 17:19:28.659] [exthost] [info] ExtensionService#_doActivateExtension vscode.git {"startup":true,"extensionId":{"value":"vscode.github","_lower":"vscode.github"},"activationEvent":"*"}
[2021-08-07 17:19:28.659] [exthost] [info] ExtensionService#loadCommonJSModule file:///home/ubuntu/.vscode-server/bin/c3f126316369cd610563c75b1b1725e0679adfb3/extensions/git/dist/main
[2021-08-07 17:19:29.891] [exthost] [info] ExtensionService#_doActivateExtension vscode.github {"startup":true,"extensionId":{"value":"vscode.github","_lower":"vscode.github"},"activationEvent":"*"}
[2021-08-07 17:19:29.891] [exthost] [info] ExtensionService#loadCommonJSModule file:///home/ubuntu/.vscode-server/bin/c3f126316369cd610563c75b1b1725e0679adfb3/extensions/github/dist/extension.js
[2021-08-07 17:19:30.391] [exthost] [info] ExtensionService#_doActivateExtension vscode.emmet {"startup":false,"extensionId":{"value":"vscode.emmet","_lower":"vscode.emmet"},"activationEvent":"onStartupFinished"}
[2021-08-07 17:19:30.391] [exthost] [info] ExtensionService#loadCommonJSModule file:///home/ubuntu/.vscode-server/bin/c3f126316369cd610563c75b1b1725e0679adfb3/extensions/emmet/dist/node/emmetNodeMain
[2021-08-07 17:19:30.426] [exthost] [info] ExtensionService#_doActivateExtension vscode.merge-conflict {"startup":false,"extensionId":{"value":"vscode.merge-conflict","_lower":"vscode.merge-conflict"},"activationEvent":"onStartupFinished"}
[2021-08-07 17:19:30.427] [exthost] [info] ExtensionService#loadCommonJSModule file:///home/ubuntu/.vscode-server/bin/c3f126316369cd610563c75b1b1725e0679adfb3/extensions/merge-conflict/dist/mergeConflictMain
[2021-08-07 17:19:30.435] [exthost] [info] ExtensionService#_doActivateExtension vscode.testing-editor-contributions {"startup":false,"extensionId":{"value":"vscode.testing-editor-contributions","_lower":"vscode.testing-editor-contributions"},"activationEvent":"onStartupFinished"}
[2021-08-07 17:19:30.435] [exthost] [info] ExtensionService#loadCommonJSModule file:///home/ubuntu/.vscode-server/bin/c3f126316369cd610563c75b1b1725e0679adfb3/extensions/testing-editor-contributions/dist/extension.js
[2021-08-07 17:19:30.436] [exthost] [info] eager extensions activated
[2021-08-07 17:19:30.517] [exthost] [info] ExtensionService#_doActivateExtension ms-vscode.js-debug {"startup":false,"extensionId":{"value":"ms-vscode.js-debug","_lower":"ms-vscode.js-debug"},"activationEvent":"onCommand:extension.js-debug.clearAutoAttachVariables"}
[2021-08-07 17:19:30.517] [exthost] [info] ExtensionService#loadCommonJSModule file:///home/ubuntu/.vscode-server/bin/c3f126316369cd610563c75b1b1725e0679adfb3/extensions/ms-vscode.js-debug/src/extension.js
[2021-08-07 17:51:33.169] [exthost] [info] extension host terminating: received terminate message from renderer
[2021-08-07 17:51:33.170] [exthost] [info] Lock '/home/ubuntu/.vscode-server/data/User/workspaceStorage/476df8530d42b96dcf31d5efc130b0a5-1/vscode.lock': Marking the lockfile as scheduled to be released in 6000 ms.
[2021-08-07 17:51:34.180] [exthost] [info] exiting with code 0
