[2021-08-07 18:27:04.871] [exthost] [info] extension host started
[2021-08-07 18:27:04.875] [exthost] [error] Error: EEXIST: file already exists, open '/home/ubuntu/.vscode-server/data/User/workspaceStorage/1c26a9de78df126ffc14b34a6b25d9d4/vscode.lock'
[2021-08-07 18:27:04.884] [exthost] [info] Lock '/home/ubuntu/.vscode-server/data/User/workspaceStorage/1c26a9de78df126ffc14b34a6b25d9d4/vscode.lock': Could not acquire lock, checking if the file is stale.
[2021-08-07 18:27:04.884] [exthost] [info] Lock '/home/ubuntu/.vscode-server/data/User/workspaceStorage/1c26a9de78df126ffc14b34a6b25d9d4/vscode.lock': The pid 215459 appears to be gone.
[2021-08-07 18:27:04.885] [exthost] [info] Lock '/home/ubuntu/.vscode-server/data/User/workspaceStorage/1c26a9de78df126ffc14b34a6b25d9d4/vscode.lock': Deleting a stale lock.
[2021-08-07 18:27:04.885] [exthost] [info] Lock '/home/ubuntu/.vscode-server/data/User/workspaceStorage/1c26a9de78df126ffc14b34a6b25d9d4/vscode.lock': Lock acquired.
[2021-08-07 18:27:05.249] [exthost] [info] ExtensionService#_doActivateExtension vscode.extension-editing {"startup":false,"extensionId":{"value":"vscode.extension-editing","_lower":"vscode.extension-editing"},"activationEvent":"onLanguage:typescript"}
[2021-08-07 18:27:05.249] [exthost] [info] ExtensionService#loadCommonJSModule file:///home/ubuntu/.vscode-server/bin/c3f126316369cd610563c75b1b1725e0679adfb3/extensions/extension-editing/dist/extensionEditingMain
[2021-08-07 18:27:05.286] [exthost] [info] ExtensionService#_doActivateExtension vscode.typescript-language-features {"startup":false,"extensionId":{"value":"vscode.typescript-language-features","_lower":"vscode.typescript-language-features"},"activationEvent":"onLanguage:typescript"}
[2021-08-07 18:27:05.286] [exthost] [info] ExtensionService#loadCommonJSModule file:///home/ubuntu/.vscode-server/bin/c3f126316369cd610563c75b1b1725e0679adfb3/extensions/typescript-language-features/dist/extension
[2021-08-07 18:27:05.398] [exthost] [info] ExtensionService#_doActivateExtension vscode.debug-auto-launch {"startup":true,"extensionId":{"value":"vscode.debug-auto-launch","_lower":"vscode.debug-auto-launch"},"activationEvent":"*"}
[2021-08-07 18:27:05.398] [exthost] [info] ExtensionService#loadCommonJSModule file:///home/ubuntu/.vscode-server/bin/c3f126316369cd610563c75b1b1725e0679adfb3/extensions/debug-auto-launch/dist/extension
[2021-08-07 18:27:05.405] [exthost] [info] ExtensionService#_doActivateExtension vscode.git {"startup":true,"extensionId":{"value":"vscode.github","_lower":"vscode.github"},"activationEvent":"*"}
[2021-08-07 18:27:05.405] [exthost] [info] ExtensionService#loadCommonJSModule file:///home/ubuntu/.vscode-server/bin/c3f126316369cd610563c75b1b1725e0679adfb3/extensions/git/dist/main
[2021-08-07 18:27:05.473] [exthost] [info] ExtensionService#_doActivateExtension vscode.npm {"startup":true,"extensionId":{"value":"vscode.npm","_lower":"vscode.npm"},"activationEvent":"workspaceContains:package.json"}
[2021-08-07 18:27:05.473] [exthost] [info] ExtensionService#loadCommonJSModule file:///home/ubuntu/.vscode-server/bin/c3f126316369cd610563c75b1b1725e0679adfb3/extensions/npm/dist/npmMain
[2021-08-07 18:27:06.883] [exthost] [info] ExtensionService#_doActivateExtension vscode.github {"startup":true,"extensionId":{"value":"vscode.github","_lower":"vscode.github"},"activationEvent":"*"}
[2021-08-07 18:27:06.883] [exthost] [info] ExtensionService#loadCommonJSModule file:///home/ubuntu/.vscode-server/bin/c3f126316369cd610563c75b1b1725e0679adfb3/extensions/github/dist/extension.js
[2021-08-07 18:27:08.096] [exthost] [info] ExtensionService#_doActivateExtension ms-vscode.js-debug {"startup":false,"extensionId":{"value":"ms-vscode.js-debug","_lower":"ms-vscode.js-debug"},"activationEvent":"onCommand:extension.js-debug.clearAutoAttachVariables"}
[2021-08-07 18:27:08.096] [exthost] [info] ExtensionService#loadCommonJSModule file:///home/ubuntu/.vscode-server/bin/c3f126316369cd610563c75b1b1725e0679adfb3/extensions/ms-vscode.js-debug/src/extension.js
[2021-08-07 18:27:10.264] [exthost] [info] ExtensionService#_doActivateExtension vscode.emmet {"startup":false,"extensionId":{"value":"vscode.emmet","_lower":"vscode.emmet"},"activationEvent":"onStartupFinished"}
[2021-08-07 18:27:10.266] [exthost] [info] ExtensionService#loadCommonJSModule file:///home/ubuntu/.vscode-server/bin/c3f126316369cd610563c75b1b1725e0679adfb3/extensions/emmet/dist/node/emmetNodeMain
[2021-08-07 18:27:10.440] [exthost] [info] ExtensionService#_doActivateExtension vscode.merge-conflict {"startup":false,"extensionId":{"value":"vscode.merge-conflict","_lower":"vscode.merge-conflict"},"activationEvent":"onStartupFinished"}
[2021-08-07 18:27:10.440] [exthost] [info] ExtensionService#loadCommonJSModule file:///home/ubuntu/.vscode-server/bin/c3f126316369cd610563c75b1b1725e0679adfb3/extensions/merge-conflict/dist/mergeConflictMain
[2021-08-07 18:27:10.496] [exthost] [info] ExtensionService#_doActivateExtension vscode.testing-editor-contributions {"startup":false,"extensionId":{"value":"vscode.testing-editor-contributions","_lower":"vscode.testing-editor-contributions"},"activationEvent":"onStartupFinished"}
[2021-08-07 18:27:10.496] [exthost] [info] ExtensionService#loadCommonJSModule file:///home/ubuntu/.vscode-server/bin/c3f126316369cd610563c75b1b1725e0679adfb3/extensions/testing-editor-contributions/dist/extension.js
[2021-08-07 18:27:10.508] [exthost] [info] eager extensions activated
[2021-08-07 18:27:22.108] [exthost] [warning] [Decorations] CAPPING events from decorations provider vscode.git 5000
[2021-08-07 18:27:25.858] [exthost] [info] ExtensionService#_doActivateExtension vscode.configuration-editing {"startup":false,"extensionId":{"value":"vscode.configuration-editing","_lower":"vscode.configuration-editing"},"activationEvent":"onLanguage:jsonc"}
[2021-08-07 18:27:25.859] [exthost] [info] ExtensionService#loadCommonJSModule file:///home/ubuntu/.vscode-server/bin/c3f126316369cd610563c75b1b1725e0679adfb3/extensions/configuration-editing/dist/configurationEditingMain
[2021-08-07 18:27:25.866] [exthost] [info] ExtensionService#_doActivateExtension vscode.json-language-features {"startup":false,"extensionId":{"value":"vscode.json-language-features","_lower":"vscode.json-language-features"},"activationEvent":"onLanguage:jsonc"}
[2021-08-07 18:27:25.866] [exthost] [info] ExtensionService#loadCommonJSModule file:///home/ubuntu/.vscode-server/bin/c3f126316369cd610563c75b1b1725e0679adfb3/extensions/json-language-features/client/dist/node/jsonClientMain
[2021-08-07 18:58:57.439] [exthost] [info] extension host terminating: received terminate message from renderer
[2021-08-07 18:58:57.451] [exthost] [info] Lock '/home/ubuntu/.vscode-server/data/User/workspaceStorage/1c26a9de78df126ffc14b34a6b25d9d4/vscode.lock': Marking the lockfile as scheduled to be released in 6000 ms.
[2021-08-07 18:58:58.659] [exthost] [info] exiting with code 0
